TrabalhoPratico/Fase2/Codigo/android/app/build/intermediates/manifest_merge_blame_file/release/manifest-merger-blame-release-report.txt
1<?xml version="1.0" encoding="utf-8"?>
2<manifest xmlns:android="http://schemas.android.com/apk/res/android"
3    package="com.fase2"
4    android:versionCode="1"
5    android:versionName="1.0" >
6
7    <uses-sdk
8        android:minSdkVersion="21"
8-->src/main/AndroidManifest.xml
9        android:targetSdkVersion="33" />
9-->src/main/AndroidManifest.xml
10
11    <uses-permission android:name="android.permission.INTERNET" />
11-->src/main/AndroidManifest.xml:3:5-67
11-->src/main/AndroidManifest.xml:3:22-64
12    <uses-permission android:name="android.permission.ACCESS_FINE_LOCATION" />
12-->src/main/AndroidManifest.xml:4:5-79
12-->src/main/AndroidManifest.xml:4:22-76
13    <uses-permission android:name="android.permission.FOREGROUND_SERVICE" />
13-->[:supersami_rn-foreground-service] AndroidManifest.xml:9:5-77
13-->[:supersami_rn-foreground-service] AndroidManifest.xml:9:22-74
14    <uses-permission android:name="android.permission.WAKE_LOCK" />
14-->[:supersami_rn-foreground-service] AndroidManifest.xml:10:5-68
14-->[:supersami_rn-foreground-service] AndroidManifest.xml:10:22-65
15    <uses-permission android:name="android.permission.WRITE_EXTERNAL_STORAGE" /> <!-- Include required permissions for Google Maps API to run. -->
15-->[:react-native-fs] AndroidManifest.xml:9:5-81
15-->[:react-native-fs] AndroidManifest.xml:9:22-78
16    <uses-permission android:name="android.permission.ACCESS_NETWORK_STATE" />
16-->[com.google.android.gms:play-services-maps:18.0.2] AndroidManifest.xml:23:5-79
16-->[com.google.android.gms:play-services-maps:18.0.2] AndroidManifest.xml:23:22-76
17
18    <uses-feature
18-->[com.google.android.gms:play-services-maps:18.0.2] AndroidManifest.xml:26:5-28:35
19        android:glEsVersion="0x00020000"
19-->[com.google.android.gms:play-services-maps:18.0.2] AndroidManifest.xml:27:9-41
20        android:required="true" />
20-->[com.google.android.gms:play-services-maps:18.0.2] AndroidManifest.xml:28:9-32
21
22    <queries>
22-->[com.google.android.gms:play-services-maps:18.0.2] AndroidManifest.xml:30:5-34:15
23
24        <!-- Needs to be explicitly declared on Android R+ -->
25        <package android:name="com.google.android.apps.maps" />
25-->[com.google.android.gms:play-services-maps:18.0.2] AndroidManifest.xml:33:9-64
25-->[com.google.android.gms:play-services-maps:18.0.2] AndroidManifest.xml:33:18-61
26    </queries>
27
28    <uses-permission android:name="android.permission.RECEIVE_BOOT_COMPLETED" />
28-->[androidx.work:work-runtime:2.7.1] AndroidManifest.xml:27:5-81
28-->[androidx.work:work-runtime:2.7.1] AndroidManifest.xml:27:22-78
29
30    <application
30-->src/main/AndroidManifest.xml:6:5-43:19
31        android:name="com.fase2.MainApplication"
31-->src/main/AndroidManifest.xml:7:7-38
32        android:allowBackup="false"
32-->src/main/AndroidManifest.xml:11:7-34
33        android:appComponentFactory="androidx.core.app.CoreComponentFactory"
33-->[androidx.core:core:1.7.0] AndroidManifest.xml:24:18-86
34        android:icon="@mipmap/ic_launcher"
34-->src/main/AndroidManifest.xml:9:7-41
35        android:label="@string/app_name"
35-->src/main/AndroidManifest.xml:8:7-39
36        android:roundIcon="@mipmap/ic_launcher_round"
36-->src/main/AndroidManifest.xml:10:7-52
37        android:theme="@style/AppTheme" >
37-->src/main/AndroidManifest.xml:12:7-38
38        <meta-data
38-->src/main/AndroidManifest.xml:13:7-16:9
39            android:name="com.supersami.foregroundservice.notification_channel_name"
39-->src/main/AndroidManifest.xml:14:9-81
40            android:value="Sticky Title" />
40-->src/main/AndroidManifest.xml:15:9-37
41        <meta-data
41-->src/main/AndroidManifest.xml:17:7-20:9
42            android:name="com.supersami.foregroundservice.notification_channel_description"
42-->src/main/AndroidManifest.xml:18:9-88
43            android:value="Sticky Description." />
43-->src/main/AndroidManifest.xml:19:9-44
44        <meta-data
44-->src/main/AndroidManifest.xml:21:7-24:9
45            android:name="com.supersami.foregroundservice.notification_color"
45-->src/main/AndroidManifest.xml:22:9-74
46            android:resource="@color/blue" />
46-->src/main/AndroidManifest.xml:23:9-39
47
48        <service android:name="com.supersami.foregroundservice.ForegroundService" />
48-->src/main/AndroidManifest.xml:25:7-91
48-->src/main/AndroidManifest.xml:25:16-80
49        <service android:name="com.supersami.foregroundservice.ForegroundServiceTask" />
49-->src/main/AndroidManifest.xml:26:7-95
49-->src/main/AndroidManifest.xml:26:16-84
50
51        <activity
51-->src/main/AndroidManifest.xml:28:7-39:18
52            android:name="com.fase2.MainActivity"
52-->src/main/AndroidManifest.xml:29:9-37
53            android:configChanges="keyboard|keyboardHidden|orientation|screenLayout|screenSize|smallestScreenSize|uiMode"
53-->src/main/AndroidManifest.xml:31:9-118
54            android:exported="true"
54-->src/main/AndroidManifest.xml:34:9-32
55            android:label="@string/app_name"
55-->src/main/AndroidManifest.xml:30:9-41
56            android:launchMode="singleTask"
56-->src/main/AndroidManifest.xml:32:9-40
57            android:windowSoftInputMode="adjustResize" >
57-->src/main/AndroidManifest.xml:33:9-51
58            <intent-filter>
58-->src/main/AndroidManifest.xml:35:9-38:25
59                <action android:name="android.intent.action.MAIN" />
59-->src/main/AndroidManifest.xml:36:13-65
59-->src/main/AndroidManifest.xml:36:21-62
60
61                <category android:name="android.intent.category.LAUNCHER" />
61-->src/main/AndroidManifest.xml:37:13-73
61-->src/main/AndroidManifest.xml:37:23-70
62            </intent-filter>
63        </activity>
64
65        <meta-data
65-->src/main/AndroidManifest.xml:40:7-42:67
66            android:name="com.google.android.geo.API_KEY"
66-->src/main/AndroidManifest.xml:41:9-54
67            android:value="AIzaSyA7xqDjkmGSkExeSTub6G_HgCjDuchjV7I" />
67-->src/main/AndroidManifest.xml:42:9-64
68
69        <activity
69-->[:supersami_rn-foreground-service] AndroidManifest.xml:13:9-22:20
70            android:name="com.supersami.foregroundservice.MainActivity"
70-->[:supersami_rn-foreground-service] AndroidManifest.xml:14:13-72
71            android:configChanges="keyboard|keyboardHidden|orientation|screenSize"
71-->[:supersami_rn-foreground-service] AndroidManifest.xml:15:13-83
72            android:exported="true"
72-->[:supersami_rn-foreground-service] AndroidManifest.xml:16:13-36
73            android:launchMode="singleTask"
73-->[:supersami_rn-foreground-service] AndroidManifest.xml:17:13-44
74            android:windowSoftInputMode="adjustResize" >
74-->[:supersami_rn-foreground-service] AndroidManifest.xml:18:13-55
75            <intent-filter>
75-->[:supersami_rn-foreground-service] AndroidManifest.xml:19:13-21:29
76                <action android:name="android.intent.action.MAIN" />
76-->src/main/AndroidManifest.xml:36:13-65
76-->src/main/AndroidManifest.xml:36:21-62
77            </intent-filter>
78        </activity> <!-- Needs to be explicitly declared on P+ -->
79        <uses-library
79-->[com.google.android.gms:play-services-maps:18.0.2] AndroidManifest.xml:39:9-41:40
80            android:name="org.apache.http.legacy"
80-->[com.google.android.gms:play-services-maps:18.0.2] AndroidManifest.xml:40:13-50
81            android:required="false" />
81-->[com.google.android.gms:play-services-maps:18.0.2] AndroidManifest.xml:41:13-37
82
83        <activity
83-->[com.google.android.gms:play-services-base:18.1.0] AndroidManifest.xml:20:9-22:45
84            android:name="com.google.android.gms.common.api.GoogleApiActivity"
84-->[com.google.android.gms:play-services-base:18.1.0] AndroidManifest.xml:20:19-85
85            android:exported="false"
85-->[com.google.android.gms:play-services-base:18.1.0] AndroidManifest.xml:22:19-43
86            android:theme="@android:style/Theme.Translucent.NoTitleBar" />
86-->[com.google.android.gms:play-services-base:18.1.0] AndroidManifest.xml:21:19-78
87
88        <meta-data
88-->[com.google.android.gms:play-services-basement:18.1.0] AndroidManifest.xml:21:9-23:69
89            android:name="com.google.android.gms.version"
89-->[com.google.android.gms:play-services-basement:18.1.0] AndroidManifest.xml:22:13-58
90            android:value="@integer/google_play_services_version" />
90-->[com.google.android.gms:play-services-basement:18.1.0] AndroidManifest.xml:23:13-66
91
92        <provider
92-->[androidx.work:work-runtime:2.7.1] AndroidManifest.xml:31:9-39:20
93            android:name="androidx.startup.InitializationProvider"
93-->[androidx.work:work-runtime:2.7.1] AndroidManifest.xml:32:13-67
94            android:authorities="com.fase2.androidx-startup"
94-->[androidx.work:work-runtime:2.7.1] AndroidManifest.xml:33:13-68
95            android:exported="false" >
95-->[androidx.work:work-runtime:2.7.1] AndroidManifest.xml:34:13-37
96            <meta-data
96-->[androidx.work:work-runtime:2.7.1] AndroidManifest.xml:36:13-38:52
97                android:name="androidx.work.WorkManagerInitializer"
97-->[androidx.work:work-runtime:2.7.1] AndroidManifest.xml:37:17-68
98                android:value="androidx.startup" />
98-->[androidx.work:work-runtime:2.7.1] AndroidManifest.xml:38:17-49
99            <meta-data
99-->[androidx.emoji2:emoji2:1.0.0] AndroidManifest.xml:31:13-33:52
100                android:name="androidx.emoji2.text.EmojiCompatInitializer"
100-->[androidx.emoji2:emoji2:1.0.0] AndroidManifest.xml:32:17-75
101                android:value="androidx.startup" />
101-->[androidx.emoji2:emoji2:1.0.0] AndroidManifest.xml:33:17-49
102            <meta-data
102-->[androidx.lifecycle:lifecycle-process:2.4.0] AndroidManifest.xml:31:13-33:52
103                android:name="androidx.lifecycle.ProcessLifecycleInitializer"
103-->[androidx.lifecycle:lifecycle-process:2.4.0] AndroidManifest.xml:32:17-78
104                android:value="androidx.startup" />
104-->[androidx.lifecycle:lifecycle-process:2.4.0] AndroidManifest.xml:33:17-49
105        </provider>
106
107        <service
107-->[androidx.work:work-runtime:2.7.1] AndroidManifest.xml:41:9-46:35
108            android:name="androidx.work.impl.background.systemalarm.SystemAlarmService"
108-->[androidx.work:work-runtime:2.7.1] AndroidManifest.xml:42:13-88
109            android:directBootAware="false"
109-->[androidx.work:work-runtime:2.7.1] AndroidManifest.xml:43:13-44
110            android:enabled="@bool/enable_system_alarm_service_default"
110-->[androidx.work:work-runtime:2.7.1] AndroidManifest.xml:44:13-72
111            android:exported="false" />
111-->[androidx.work:work-runtime:2.7.1] AndroidManifest.xml:45:13-37
112        <service
112-->[androidx.work:work-runtime:2.7.1] AndroidManifest.xml:47:9-53:35
113            android:name="androidx.work.impl.background.systemjob.SystemJobService"
113-->[androidx.work:work-runtime:2.7.1] AndroidManifest.xml:48:13-84
114            android:directBootAware="false"
114-->[androidx.work:work-runtime:2.7.1] AndroidManifest.xml:49:13-44
115            android:enabled="@bool/enable_system_job_service_default"
115-->[androidx.work:work-runtime:2.7.1] AndroidManifest.xml:50:13-70
116            android:exported="true"
116-->[androidx.work:work-runtime:2.7.1] AndroidManifest.xml:51:13-36
117            android:permission="android.permission.BIND_JOB_SERVICE" />
117-->[androidx.work:work-runtime:2.7.1] AndroidManifest.xml:52:13-69
118        <service
118-->[androidx.work:work-runtime:2.7.1] AndroidManifest.xml:54:9-59:35
119            android:name="androidx.work.impl.foreground.SystemForegroundService"
119-->[androidx.work:work-runtime:2.7.1] AndroidManifest.xml:55:13-81
120            android:directBootAware="false"
120-->[androidx.work:work-runtime:2.7.1] AndroidManifest.xml:56:13-44
121            android:enabled="@bool/enable_system_foreground_service_default"
121-->[androidx.work:work-runtime:2.7.1] AndroidManifest.xml:57:13-77
122            android:exported="false" />
122-->[androidx.work:work-runtime:2.7.1] AndroidManifest.xml:58:13-37
123
124        <receiver
124-->[androidx.work:work-runtime:2.7.1] AndroidManifest.xml:61:9-66:35
125            android:name="androidx.work.impl.utils.ForceStopRunnable$BroadcastReceiver"
125-->[androidx.work:work-runtime:2.7.1] AndroidManifest.xml:62:13-88
126            android:directBootAware="false"
126-->[androidx.work:work-runtime:2.7.1] AndroidManifest.xml:63:13-44
127            android:enabled="true"
127-->[androidx.work:work-runtime:2.7.1] AndroidManifest.xml:64:13-35
128            android:exported="false" />
128-->[androidx.work:work-runtime:2.7.1] AndroidManifest.xml:65:13-37
129        <receiver
129-->[androidx.work:work-runtime:2.7.1] AndroidManifest.xml:67:9-77:20
130            android:name="androidx.work.impl.background.systemalarm.ConstraintProxy$BatteryChargingProxy"
130-->[androidx.work:work-runtime:2.7.1] AndroidManifest.xml:68:13-106
131            android:directBootAware="false"
131-->[androidx.work:work-runtime:2.7.1] AndroidManifest.xml:69:13-44
132            android:enabled="false"
132-->[androidx.work:work-runtime:2.7.1] AndroidManifest.xml:70:13-36
133            android:exported="false" >
133-->[androidx.work:work-runtime:2.7.1] AndroidManifest.xml:71:13-37
134            <intent-filter>
134-->[androidx.work:work-runtime:2.7.1] AndroidManifest.xml:73:13-76:29
135                <action android:name="android.intent.action.ACTION_POWER_CONNECTED" />
135-->[androidx.work:work-runtime:2.7.1] AndroidManifest.xml:74:17-87
135-->[androidx.work:work-runtime:2.7.1] AndroidManifest.xml:74:25-84
136                <action android:name="android.intent.action.ACTION_POWER_DISCONNECTED" />
136-->[androidx.work:work-runtime:2.7.1] AndroidManifest.xml:75:17-90
136-->[androidx.work:work-runtime:2.7.1] AndroidManifest.xml:75:25-87
137            </intent-filter>
138        </receiver>
139        <receiver
139-->[androidx.work:work-runtime:2.7.1] AndroidManifest.xml:78:9-88:20
140            android:name="androidx.work.impl.background.systemalarm.ConstraintProxy$BatteryNotLowProxy"
140-->[androidx.work:work-runtime:2.7.1] AndroidManifest.xml:79:13-104
141            android:directBootAware="false"
141-->[androidx.work:work-runtime:2.7.1] AndroidManifest.xml:80:13-44
142            android:enabled="false"
142-->[androidx.work:work-runtime:2.7.1] AndroidManifest.xml:81:13-36
143            android:exported="false" >
143-->[androidx.work:work-runtime:2.7.1] AndroidManifest.xml:82:13-37
144            <intent-filter>
144-->[androidx.work:work-runtime:2.7.1] AndroidManifest.xml:84:13-87:29
145                <action android:name="android.intent.action.BATTERY_OKAY" />
145-->[androidx.work:work-runtime:2.7.1] AndroidManifest.xml:85:17-77
145-->[androidx.work:work-runtime:2.7.1] AndroidManifest.xml:85:25-74
146                <action android:name="android.intent.action.BATTERY_LOW" />
146-->[androidx.work:work-runtime:2.7.1] AndroidManifest.xml:86:17-76
146-->[androidx.work:work-runtime:2.7.1] AndroidManifest.xml:86:25-73
147            </intent-filter>
148        </receiver>
149        <receiver
149-->[androidx.work:work-runtime:2.7.1] AndroidManifest.xml:89:9-99:20
150            android:name="androidx.work.impl.background.systemalarm.ConstraintProxy$StorageNotLowProxy"
150-->[androidx.work:work-runtime:2.7.1] AndroidManifest.xml:90:13-104
151            android:directBootAware="false"
151-->[androidx.work:work-runtime:2.7.1] AndroidManifest.xml:91:13-44
152            android:enabled="false"
152-->[androidx.work:work-runtime:2.7.1] AndroidManifest.xml:92:13-36
153            android:exported="false" >
153-->[androidx.work:work-runtime:2.7.1] AndroidManifest.xml:93:13-37
154            <intent-filter>
154-->[androidx.work:work-runtime:2.7.1] AndroidManifest.xml:95:13-98:29
155                <action android:name="android.intent.action.DEVICE_STORAGE_LOW" />
155-->[androidx.work:work-runtime:2.7.1] AndroidManifest.xml:96:17-83
155-->[androidx.work:work-runtime:2.7.1] AndroidManifest.xml:96:25-80
156                <action android:name="android.intent.action.DEVICE_STORAGE_OK" />
156-->[androidx.work:work-runtime:2.7.1] AndroidManifest.xml:97:17-82
156-->[androidx.work:work-runtime:2.7.1] AndroidManifest.xml:97:25-79
157            </intent-filter>
158        </receiver>
159        <receiver
159-->[androidx.work:work-runtime:2.7.1] AndroidManifest.xml:100:9-109:20
160            android:name="androidx.work.impl.background.systemalarm.ConstraintProxy$NetworkStateProxy"
160-->[androidx.work:work-runtime:2.7.1] AndroidManifest.xml:101:13-103
161            android:directBootAware="false"
161-->[androidx.work:work-runtime:2.7.1] AndroidManifest.xml:102:13-44
162            android:enabled="false"
162-->[androidx.work:work-runtime:2.7.1] AndroidManifest.xml:103:13-36
163            android:exported="false" >
163-->[androidx.work:work-runtime:2.7.1] AndroidManifest.xml:104:13-37
164            <intent-filter>
164-->[androidx.work:work-runtime:2.7.1] AndroidManifest.xml:106:13-108:29
165                <action android:name="android.net.conn.CONNECTIVITY_CHANGE" />
165-->[androidx.work:work-runtime:2.7.1] AndroidManifest.xml:107:17-79
165-->[androidx.work:work-runtime:2.7.1] AndroidManifest.xml:107:25-76
166            </intent-filter>
167        </receiver>
168        <receiver
168-->[androidx.work:work-runtime:2.7.1] AndroidManifest.xml:110:9-121:20
169            android:name="androidx.work.impl.background.systemalarm.RescheduleReceiver"
169-->[androidx.work:work-runtime:2.7.1] AndroidManifest.xml:111:13-88
170            android:directBootAware="false"
170-->[androidx.work:work-runtime:2.7.1] AndroidManifest.xml:112:13-44
171            android:enabled="false"
171-->[androidx.work:work-runtime:2.7.1] AndroidManifest.xml:113:13-36
172            android:exported="false" >
172-->[androidx.work:work-runtime:2.7.1] AndroidManifest.xml:114:13-37
173            <intent-filter>
173-->[androidx.work:work-runtime:2.7.1] AndroidManifest.xml:116:13-120:29
174                <action android:name="android.intent.action.BOOT_COMPLETED" />
174-->[androidx.work:work-runtime:2.7.1] AndroidManifest.xml:117:17-79
174-->[androidx.work:work-runtime:2.7.1] AndroidManifest.xml:117:25-76
175                <action android:name="android.intent.action.TIME_SET" />
175-->[androidx.work:work-runtime:2.7.1] AndroidManifest.xml:118:17-73
175-->[androidx.work:work-runtime:2.7.1] AndroidManifest.xml:118:25-70
176                <action android:name="android.intent.action.TIMEZONE_CHANGED" />
176-->[androidx.work:work-runtime:2.7.1] AndroidManifest.xml:119:17-81
176-->[androidx.work:work-runtime:2.7.1] AndroidManifest.xml:119:25-78
177            </intent-filter>
178        </receiver>
179        <receiver
179-->[androidx.work:work-runtime:2.7.1] AndroidManifest.xml:122:9-131:20
180            android:name="androidx.work.impl.background.systemalarm.ConstraintProxyUpdateReceiver"
180-->[androidx.work:work-runtime:2.7.1] AndroidManifest.xml:123:13-99
181            android:directBootAware="false"
181-->[androidx.work:work-runtime:2.7.1] AndroidManifest.xml:124:13-44
182            android:enabled="@bool/enable_system_alarm_service_default"
182-->[androidx.work:work-runtime:2.7.1] AndroidManifest.xml:125:13-72
183            android:exported="false" >
183-->[androidx.work:work-runtime:2.7.1] AndroidManifest.xml:126:13-37
184            <intent-filter>
184-->[androidx.work:work-runtime:2.7.1] AndroidManifest.xml:128:13-130:29
185                <action android:name="androidx.work.impl.background.systemalarm.UpdateProxies" />
185-->[androidx.work:work-runtime:2.7.1] AndroidManifest.xml:129:17-98
185-->[androidx.work:work-runtime:2.7.1] AndroidManifest.xml:129:25-95
186            </intent-filter>
187        </receiver>
188        <receiver
188-->[androidx.work:work-runtime:2.7.1] AndroidManifest.xml:132:9-142:20
189            android:name="androidx.work.impl.diagnostics.DiagnosticsReceiver"
189-->[androidx.work:work-runtime:2.7.1] AndroidManifest.xml:133:13-78
190            android:directBootAware="false"
190-->[androidx.work:work-runtime:2.7.1] AndroidManifest.xml:134:13-44
191            android:enabled="true"
191-->[androidx.work:work-runtime:2.7.1] AndroidManifest.xml:135:13-35
192            android:exported="true"
192-->[androidx.work:work-runtime:2.7.1] AndroidManifest.xml:136:13-36
193            android:permission="android.permission.DUMP" >
193-->[androidx.work:work-runtime:2.7.1] AndroidManifest.xml:137:13-57
194            <intent-filter>
194-->[androidx.work:work-runtime:2.7.1] AndroidManifest.xml:139:13-141:29
195                <action android:name="androidx.work.diagnostics.REQUEST_DIAGNOSTICS" />
195-->[androidx.work:work-runtime:2.7.1] AndroidManifest.xml:140:17-88
195-->[androidx.work:work-runtime:2.7.1] AndroidManifest.xml:140:25-85
196            </intent-filter>
197        </receiver>
198
199        <service
199-->[androidx.room:room-runtime:2.2.5] AndroidManifest.xml:25:9-28:40
200            android:name="androidx.room.MultiInstanceInvalidationService"
200-->[androidx.room:room-runtime:2.2.5] AndroidManifest.xml:26:13-74
201            android:directBootAware="true"
201-->[androidx.room:room-runtime:2.2.5] AndroidManifest.xml:27:13-43
202            android:exported="false" />
202-->[androidx.room:room-runtime:2.2.5] AndroidManifest.xml:28:13-37
203    </application>
204
205</manifest>